0 info it worked if it ends with ok
1 verbose cli [ '/Users/darinhaener/.nvm/versions/node/v4.1.1/bin/node',
1 verbose cli   '/Users/darinhaener/.nvm/versions/node/v4.1.1/bin/npm',
1 verbose cli   'publish' ]
2 info using npm@2.14.4
3 info using node@v4.1.1
4 verbose publish [ '.' ]
5 silly cache add args [ '.', null ]
6 verbose cache add spec .
7 silly cache add parsed spec Result {
7 silly cache add   raw: '.',
7 silly cache add   scope: null,
7 silly cache add   name: null,
7 silly cache add   rawSpec: '.',
7 silly cache add   spec: '/Users/darinhaener/code/legit-code/rubyfill',
7 silly cache add   type: 'directory' }
8 verbose addLocalDirectory /Users/darinhaener/.npm/legit-rubyfill/0.0.4/package.tgz not in flight; packing
9 verbose tar pack [ '/Users/darinhaener/.npm/legit-rubyfill/0.0.4/package.tgz',
9 verbose tar pack   '/Users/darinhaener/code/legit-code/rubyfill' ]
10 verbose tarball /Users/darinhaener/.npm/legit-rubyfill/0.0.4/package.tgz
11 verbose folder /Users/darinhaener/code/legit-code/rubyfill
12 info prepublish legit-rubyfill@0.0.4
13 verbose addLocalTarball adding from inside cache /Users/darinhaener/.npm/legit-rubyfill/0.0.4/package.tgz
14 silly cache afterAdd legit-rubyfill@0.0.4
15 verbose afterAdd /Users/darinhaener/.npm/legit-rubyfill/0.0.4/package/package.json not in flight; writing
16 verbose afterAdd /Users/darinhaener/.npm/legit-rubyfill/0.0.4/package/package.json written
17 silly publish { name: 'legit-rubyfill',
17 silly publish   version: '0.0.4',
17 silly publish   description: 'A collection of Ruby\'ish polyfills',
17 silly publish   main: './rubyfill.js',
17 silly publish   scripts: { test: 'mocha --opts ./mocha.opts' },
17 silly publish   repository:
17 silly publish    { type: 'git',
17 silly publish      url: 'git+ssh://git@github.com/legitcode/rubyfill.git' },
17 silly publish   devDependencies:
17 silly publish    { chai: '^3.2.0',
17 silly publish      eslint: '^0.24.1',
17 silly publish      expect: '^1.8.0',
17 silly publish      mocha: '^2.2.5',
17 silly publish      sinon: '^1.16.1' },
17 silly publish   author:
17 silly publish    { name: 'Darin Haener',
17 silly publish      email: 'dphaener@gmail.com',
17 silly publish      url: 'https://github.com/dphaener' },
17 silly publish   license: 'ISC',
17 silly publish   readme: '#Rubyfill\n##A collection of Ruby like polyfills\nDesigned to make your javascript programming life happier\n\n##[View All Methods](https://github.com/Legitcode/rubyfill/wiki)\n\n##Installation\n```bash\nnpm install --save legit-rubyfill\n```\n###Including the library\n\n~~~js\nimport \'legit-rubyfill\' //whole library\nimport \'legit-rubyfill/array\' //all array methods\nimport \'legit-rubyfill/string\'\nimport \'legit-rubyfill/array/compact\' //single method\n~~~\n\n##Example\n\nRemove all undefined, null, or empty strings from an array\n```js\n[1, 2, undefined, 3, "", null, 4].compact\n-> [1, 2, 3, 4]\n```\n',
17 silly publish   readmeFilename: 'README.md',
17 silly publish   gitHead: 'd16cd963cf0d5c34830e81176cd6f49e4a6454a8',
17 silly publish   bugs: { url: 'https://github.com/legitcode/rubyfill/issues' },
17 silly publish   homepage: 'https://github.com/legitcode/rubyfill#readme',
17 silly publish   _id: 'legit-rubyfill@0.0.4',
17 silly publish   _shasum: '43c88ec7d19e55ce4cae3fc43837110a49912c49',
17 silly publish   _from: '.' }
18 verbose getPublishConfig undefined
19 silly mapToRegistry name legit-rubyfill
20 silly mapToRegistry using default registry
21 silly mapToRegistry registry https://registry.npmjs.org/
22 silly mapToRegistry uri https://registry.npmjs.org/legit-rubyfill
23 verbose publish registryBase https://registry.npmjs.org/
24 silly publish uploading /Users/darinhaener/.npm/legit-rubyfill/0.0.4/package.tgz
25 verbose request uri https://registry.npmjs.org/legit-rubyfill
26 verbose request sending authorization for write operation
27 info attempt registry request try #1 at 12:22:24 PM
28 verbose request using bearer token for auth
29 verbose request id dabfef0844f2e7a2
30 http request PUT https://registry.npmjs.org/legit-rubyfill
31 http 403 https://registry.npmjs.org/legit-rubyfill
32 verbose headers { 'content-type': 'application/json',
32 verbose headers   'cache-control': 'max-age=60',
32 verbose headers   'content-length': '95',
32 verbose headers   'accept-ranges': 'bytes',
32 verbose headers   date: 'Sat, 26 Sep 2015 19:22:24 GMT',
32 verbose headers   via: '1.1 varnish',
32 verbose headers   connection: 'keep-alive',
32 verbose headers   'x-served-by': 'cache-lax1432-LAX',
32 verbose headers   'x-cache': 'MISS',
32 verbose headers   'x-cache-hits': '0',
32 verbose headers   'x-timer': 'S1443295343.895807,VS0,VE233' }
33 verbose request invalidating /Users/darinhaener/.npm/registry.npmjs.org/legit-rubyfill on PUT
34 error publish Failed PUT 403
35 verbose stack Error: "You cannot publish over the previously published version 0.0.4." : legit-rubyfill
35 verbose stack     at makeError (/Users/darinhaener/.nvm/versions/node/v4.1.1/lib/node_modules/npm/node_modules/npm-registry-client/lib/request.js:263:12)
35 verbose stack     at CachingRegistryClient.<anonymous> (/Users/darinhaener/.nvm/versions/node/v4.1.1/lib/node_modules/npm/node_modules/npm-registry-client/lib/request.js:251:14)
35 verbose stack     at Request._callback (/Users/darinhaener/.nvm/versions/node/v4.1.1/lib/node_modules/npm/node_modules/npm-registry-client/lib/request.js:171:14)
35 verbose stack     at Request.self.callback (/Users/darinhaener/.nvm/versions/node/v4.1.1/lib/node_modules/npm/node_modules/request/request.js:198:22)
35 verbose stack     at emitTwo (events.js:87:13)
35 verbose stack     at Request.emit (events.js:172:7)
35 verbose stack     at Request.<anonymous> (/Users/darinhaener/.nvm/versions/node/v4.1.1/lib/node_modules/npm/node_modules/request/request.js:1073:14)
35 verbose stack     at emitOne (events.js:82:20)
35 verbose stack     at Request.emit (events.js:169:7)
35 verbose stack     at IncomingMessage.<anonymous> (/Users/darinhaener/.nvm/versions/node/v4.1.1/lib/node_modules/npm/node_modules/request/request.js:1019:12)
36 verbose statusCode 403
37 verbose pkgid legit-rubyfill
38 verbose cwd /Users/darinhaener/code/legit-code/rubyfill
39 error Darwin 15.0.0
40 error argv "/Users/darinhaener/.nvm/versions/node/v4.1.1/bin/node" "/Users/darinhaener/.nvm/versions/node/v4.1.1/bin/npm" "publish"
41 error node v4.1.1
42 error npm  v2.14.4
43 error code E403
44 error "You cannot publish over the previously published version 0.0.4." : legit-rubyfill
45 error If you need help, you may report this error at:
45 error     <https://github.com/npm/npm/issues>
46 verbose exit [ 1, true ]
